[debug] [2022-06-08T13:01:21.468Z] ----------------------------------------------------------------------
[debug] [2022-06-08T13:01:21.471Z] Command:       /Users/pragasen/.nvm/versions/node/v16.15.0/bin/node /Users/pragasen/.nvm/versions/node/v16.15.0/bin/firebase emulators:start --only functions
[debug] [2022-06-08T13:01:21.472Z] CLI Version:   11.0.1
[debug] [2022-06-08T13:01:21.472Z] Platform:      darwin
[debug] [2022-06-08T13:01:21.472Z] Node Version:  v16.15.0
[debug] [2022-06-08T13:01:21.474Z] Time:          Wed Jun 08 2022 15:01:21 GMT+0200 (South Africa Standard Time)
[debug] [2022-06-08T13:01:21.474Z] ----------------------------------------------------------------------
[debug] 
[debug] [2022-06-08T13:01:21.573Z] > command requires scopes: ["email","openid","https://www.googleapis.com/auth/cloudplatformprojects.readonly","https://www.googleapis.com/auth/firebase","https://www.googleapis.com/auth/cloud-platform"]
[debug] [2022-06-08T13:01:21.574Z] > authorizing via signed-in user (pnaicker.dev@gmail.com)
[info] i  emulators: Starting emulators: functions {"metadata":{"emulator":{"name":"hub"},"message":"Starting emulators: functions"}}
[debug] [2022-06-08T13:01:21.594Z] [hub] writing locator at /var/folders/5l/ljy_fbxd2rb4lp2pqy5908640000gn/T/hub-restaurantfinder-29e99.json
[warn] ⚠  functions: The following emulators are not running, calls to these services from the Functions emulator will affect production: auth, firestore, database, hosting, pubsub, storage {"metadata":{"emulator":{"name":"functions"},"message":"The following emulators are not running, calls to these services from the Functions emulator will affect production: \u001b[1mauth, firestore, database, hosting, pubsub, storage\u001b[22m"}}
[info] ✔  functions: Using node@16 from host. {"metadata":{"emulator":{"name":"functions"},"message":"Using node@16 from host."}}
[debug] [2022-06-08T13:01:21.618Z] defaultcredentials: writing to file /Users/pragasen/.config/firebase/pnaicker_dev_gmail.com_application_default_credentials.json
[debug] [2022-06-08T13:01:21.623Z] Setting GAC to /Users/pragasen/.config/firebase/pnaicker_dev_gmail.com_application_default_credentials.json {"metadata":{"emulator":{"name":"functions"},"message":"Setting GAC to /Users/pragasen/.config/firebase/pnaicker_dev_gmail.com_application_default_credentials.json"}}
[debug] [2022-06-08T13:01:21.626Z] > refreshing access token with scopes: []
[debug] [2022-06-08T13:01:21.627Z] >>> HTTP REQUEST POST https://www.googleapis.com/oauth2/v3/token  
 <request body omitted>
[debug] [2022-06-08T13:01:22.050Z] <<< HTTP RESPONSE 200 {"date":"Wed, 08 Jun 2022 13:01:22 GMT","pragma":"no-cache","expires":"Mon, 01 Jan 1990 00:00:00 GMT","cache-control":"no-cache, no-store, max-age=0, must-revalidate","content-type":"application/json; charset=utf-8","vary":"X-Origin, Referer, Origin,Accept-Encoding","server":"scaffolding on HTTPServer2","x-xss-protection":"0","x-frame-options":"SAMEORIGIN","x-content-type-options":"nosniff","alt-svc":"h3=\":443\"; ma=2592000,h3-29=\":443\"; ma=2592000,h3-Q050=\":443\"; ma=2592000,h3-Q046=\":443\"; ma=2592000,h3-Q043=\":443\"; ma=2592000,quic=\":443\"; ma=2592000; v=\"46,43\"","accept-ranges":"none","transfer-encoding":"chunked"}
[debug] [2022-06-08T13:01:22.087Z] >>> [apiv2][query] GET https://firebase.googleapis.com/v1beta1/projects/restaurantfinder-29e99/adminSdkConfig [none]
[debug] [2022-06-08T13:01:22.858Z] <<< [apiv2][status] GET https://firebase.googleapis.com/v1beta1/projects/restaurantfinder-29e99/adminSdkConfig 200
[debug] [2022-06-08T13:01:22.859Z] <<< [apiv2][body] GET https://firebase.googleapis.com/v1beta1/projects/restaurantfinder-29e99/adminSdkConfig {"projectId":"restaurantfinder-29e99","storageBucket":"restaurantfinder-29e99.appspot.com"}
[debug] [2022-06-08T13:01:22.890Z] Ignoring unsupported arg: auto_download {"metadata":{"emulator":{"name":"ui"},"message":"Ignoring unsupported arg: auto_download"}}
[debug] [2022-06-08T13:01:22.890Z] Ignoring unsupported arg: port {"metadata":{"emulator":{"name":"ui"},"message":"Ignoring unsupported arg: port"}}
[debug] [2022-06-08T13:01:22.891Z] Starting Emulator UI with command {"binary":"node","args":["--dns-result-order=ipv4first","/Users/pragasen/.cache/firebase/emulators/ui-v1.7.0/server.bundle.js"],"optionalArgs":[],"joinArgs":false} {"metadata":{"emulator":{"name":"ui"},"message":"Starting Emulator UI with command {\"binary\":\"node\",\"args\":[\"--dns-result-order=ipv4first\",\"/Users/pragasen/.cache/firebase/emulators/ui-v1.7.0/server.bundle.js\"],\"optionalArgs\":[],\"joinArgs\":false}"}}
[info] i  ui: Emulator UI logging to ui-debug.log {"metadata":{"emulator":{"name":"ui"},"message":"Emulator UI logging to \u001b[1mui-debug.log\u001b[22m"}}
[debug] [2022-06-08T13:01:23.071Z] Web / API server started at localhost:4000
 {"metadata":{"emulator":{"name":"ui"},"message":"Web / API server started at localhost:4000\n"}}
[info] i  functions: Watching "/Users/pragasen/Documents/dev/meals-to-go/functions" for Cloud Functions... {"metadata":{"emulator":{"name":"functions"},"message":"Watching \"/Users/pragasen/Documents/dev/meals-to-go/functions\" for Cloud Functions..."}}
[debug] [2022-06-08T13:01:23.169Z] Validating nodejs source
[debug] [2022-06-08T13:01:26.097Z] > [functions] package.json contents: {
  "name": "functions",
  "description": "Cloud Functions for Firebase",
  "scripts": {
    "serve": "firebase emulators:start --only functions",
    "shell": "firebase functions:shell",
    "start": "npm run shell",
    "deploy": "firebase deploy --only functions",
    "logs": "firebase functions:log"
  },
  "engines": {
    "node": "16"
  },
  "main": "index.js",
  "dependencies": {
    "firebase-admin": "^10.0.2",
    "firebase-functions": "^3.18.0"
  },
  "devDependencies": {
    "firebase-functions-test": "^0.2.0"
  },
  "private": true
}
[debug] [2022-06-08T13:01:26.098Z] Building nodejs source
[debug] [2022-06-08T13:01:26.099Z] Analyzing nodejs backend spec
[debug] [2022-06-08T13:01:26.102Z] Could not find functions.yaml. Must use http discovery
[debug] [2022-06-08T13:01:26.598Z] Serving at port 9005

[debug] [2022-06-08T13:01:26.758Z] Got response from /__/functions.yaml {"endpoints":{"geocode":{"platform":"gcfv1","httpsTrigger":{},"entryPoint":"geocode"},"placesNearby":{"platform":"gcfv1","httpsTrigger":{},"entryPoint":"placesNearby"}},"specVersion":"v1alpha1","requiredAPIs":[]}
[debug] [2022-06-08T13:01:26.775Z] shutdown requested via /__/quitquitquit

[info] ✔  functions[us-central1-geocode]: http function initialized (http://localhost:5001/restaurantfinder-29e99/us-central1/geocode). {"metadata":{"emulator":{"name":"functions"},"message":"\u001b[1mhttp\u001b[22m function initialized (http://localhost:5001/restaurantfinder-29e99/us-central1/geocode)."}}
[info] ✔  functions[us-central1-placesNearby]: http function initialized (http://localhost:5001/restaurantfinder-29e99/us-central1/placesNearby). {"metadata":{"emulator":{"name":"functions"},"message":"\u001b[1mhttp\u001b[22m function initialized (http://localhost:5001/restaurantfinder-29e99/us-central1/placesNearby)."}}
[info] 
┌─────────────────────────────────────────────────────────────┐
│ ✔  All emulators ready! It is now safe to connect your app. │
│ i  View Emulator UI at http://localhost:4000                │
└─────────────────────────────────────────────────────────────┘

┌───────────┬────────────────┬─────────────────────────────────┐
│ Emulator  │ Host:Port      │ View in Emulator UI             │
├───────────┼────────────────┼─────────────────────────────────┤
│ Functions │ localhost:5001 │ http://localhost:4000/functions │
└───────────┴────────────────┴─────────────────────────────────┘
  Emulator Hub running at localhost:4400
  Other reserved ports: 4500

Issues? Report them at https://github.com/firebase/firebase-tools/issues and attach the *-debug.log files.
 
[debug] [2022-06-08T13:02:33.714Z] [work-queue] {"queueLength":1,"workRunningCount":0}
[debug] [2022-06-08T13:02:33.715Z] [work-queue] {"queueLength":0,"workRunningCount":1}
[debug] [2022-06-08T13:02:33.717Z] Accepted request GET /restaurantfinder-29e99/us-central1/geocode?city=san%20francisco --> us-central1-geocode
[debug] [2022-06-08T13:02:33.746Z] [worker-pool] addWorker(us-central1-geocode) {"metadata":{"emulator":{"name":"functions"},"message":"[worker-pool] addWorker(us-central1-geocode)"}}
[debug] [2022-06-08T13:02:33.747Z] [worker-pool] Adding worker with key us-central1-geocode, total=1 {"metadata":{"emulator":{"name":"functions"},"message":"[worker-pool] Adding worker with key us-central1-geocode, total=1"}}
[debug] [2022-06-08T13:02:33.748Z] [worker-pool] submitWork(triggerId=us-central1-geocode) {"metadata":{"emulator":{"name":"functions"},"message":"[worker-pool] submitWork(triggerId=us-central1-geocode)"}}
[debug] [2022-06-08T13:02:33.749Z] [worker-us-central1-geocode-3385b1dc-f66a-43e3-bc55-66d73d6ff4f6]: Assigning socketPath: /var/folders/5l/ljy_fbxd2rb4lp2pqy5908640000gn/T/fire_emu_8839.sock {"metadata":{"emulator":{"name":"functions"},"message":"[worker-us-central1-geocode-3385b1dc-f66a-43e3-bc55-66d73d6ff4f6]: Assigning socketPath: /var/folders/5l/ljy_fbxd2rb4lp2pqy5908640000gn/T/fire_emu_8839.sock"}}
[debug] [2022-06-08T13:02:33.749Z] [worker-us-central1-geocode-3385b1dc-f66a-43e3-bc55-66d73d6ff4f6]: BUSY {"metadata":{"emulator":{"name":"functions"},"message":"[worker-us-central1-geocode-3385b1dc-f66a-43e3-bc55-66d73d6ff4f6]: BUSY"}}
[debug] [2022-06-08T13:02:39.580Z] [runtime-status] [8839] Functions runtime initialized. {"cwd":"/Users/pragasen/Documents/dev/meals-to-go/functions","node_version":"16.15.0"} {"metadata":{"emulator":{"name":"functions"},"function":{"name":"us-central1-geocode"},"extension":{},"message":"[runtime-status] [8839] Functions runtime initialized. {\"cwd\":\"/Users/pragasen/Documents/dev/meals-to-go/functions\",\"node_version\":\"16.15.0\"}"}}
[debug] [2022-06-08T13:02:39.585Z] [runtime-status] [8839] Disabled runtime features: undefined {"metadata":{"emulator":{"name":"functions"},"function":{"name":"us-central1-geocode"},"extension":{},"message":"[runtime-status] [8839] Disabled runtime features: undefined"}}
[debug] [2022-06-08T13:02:39.617Z] [runtime-status] [8839] Resolved module firebase-admin {"declared":true,"installed":true,"version":"10.2.0","resolution":"/Users/pragasen/Documents/dev/meals-to-go/functions/node_modules/firebase-admin/lib/index.js"} {"metadata":{"emulator":{"name":"functions"},"function":{"name":"us-central1-geocode"},"extension":{},"message":"[runtime-status] [8839] Resolved module firebase-admin {\"declared\":true,\"installed\":true,\"version\":\"10.2.0\",\"resolution\":\"/Users/pragasen/Documents/dev/meals-to-go/functions/node_modules/firebase-admin/lib/index.js\"}"}}
[debug] [2022-06-08T13:02:39.621Z] [runtime-status] [8839] Resolved module firebase-functions {"declared":true,"installed":true,"version":"3.21.2","resolution":"/Users/pragasen/Documents/dev/meals-to-go/functions/node_modules/firebase-functions/lib/index.js"} {"metadata":{"emulator":{"name":"functions"},"function":{"name":"us-central1-geocode"},"extension":{},"message":"[runtime-status] [8839] Resolved module firebase-functions {\"declared\":true,\"installed\":true,\"version\":\"3.21.2\",\"resolution\":\"/Users/pragasen/Documents/dev/meals-to-go/functions/node_modules/firebase-functions/lib/index.js\"}"}}
[debug] [2022-06-08T13:02:39.621Z] [runtime-status] [8839] Outgoing network have been stubbed. [{"name":"http","status":"mocked"},{"name":"http","status":"mocked"},{"name":"https","status":"mocked"},{"name":"https","status":"mocked"},{"name":"net","status":"mocked"}] {"metadata":{"emulator":{"name":"functions"},"function":{"name":"us-central1-geocode"},"extension":{},"message":"[runtime-status] [8839] Outgoing network have been stubbed. [{\"name\":\"http\",\"status\":\"mocked\"},{\"name\":\"http\",\"status\":\"mocked\"},{\"name\":\"https\",\"status\":\"mocked\"},{\"name\":\"https\",\"status\":\"mocked\"},{\"name\":\"net\",\"status\":\"mocked\"}]"}}
[debug] [2022-06-08T13:02:39.623Z] [runtime-status] [8839] Resolved module firebase-functions {"declared":true,"installed":true,"version":"3.21.2","resolution":"/Users/pragasen/Documents/dev/meals-to-go/functions/node_modules/firebase-functions/lib/index.js"} {"metadata":{"emulator":{"name":"functions"},"function":{"name":"us-central1-geocode"},"extension":{},"message":"[runtime-status] [8839] Resolved module firebase-functions {\"declared\":true,\"installed\":true,\"version\":\"3.21.2\",\"resolution\":\"/Users/pragasen/Documents/dev/meals-to-go/functions/node_modules/firebase-functions/lib/index.js\"}"}}
[debug] [2022-06-08T13:02:39.756Z] [runtime-status] [8839] Checked functions.config() {"config":{}} {"metadata":{"emulator":{"name":"functions"},"function":{"name":"us-central1-geocode"},"extension":{},"message":"[runtime-status] [8839] Checked functions.config() {\"config\":{}}"}}
[debug] [2022-06-08T13:02:39.757Z] [runtime-status] [8839] firebase-functions has been stubbed. {"functionsResolution":{"declared":true,"installed":true,"version":"3.21.2","resolution":"/Users/pragasen/Documents/dev/meals-to-go/functions/node_modules/firebase-functions/lib/index.js"}} {"metadata":{"emulator":{"name":"functions"},"function":{"name":"us-central1-geocode"},"extension":{},"message":"[runtime-status] [8839] firebase-functions has been stubbed. {\"functionsResolution\":{\"declared\":true,\"installed\":true,\"version\":\"3.21.2\",\"resolution\":\"/Users/pragasen/Documents/dev/meals-to-go/functions/node_modules/firebase-functions/lib/index.js\"}}"}}
[debug] [2022-06-08T13:02:39.758Z] [runtime-status] [8839] Resolved module firebase-functions {"declared":true,"installed":true,"version":"3.21.2","resolution":"/Users/pragasen/Documents/dev/meals-to-go/functions/node_modules/firebase-functions/lib/index.js"} {"metadata":{"emulator":{"name":"functions"},"function":{"name":"us-central1-geocode"},"extension":{},"message":"[runtime-status] [8839] Resolved module firebase-functions {\"declared\":true,\"installed\":true,\"version\":\"3.21.2\",\"resolution\":\"/Users/pragasen/Documents/dev/meals-to-go/functions/node_modules/firebase-functions/lib/index.js\"}"}}
[debug] [2022-06-08T13:02:39.760Z] [runtime-status] [8839] Resolved module firebase-admin {"declared":true,"installed":true,"version":"10.2.0","resolution":"/Users/pragasen/Documents/dev/meals-to-go/functions/node_modules/firebase-admin/lib/index.js"} {"metadata":{"emulator":{"name":"functions"},"function":{"name":"us-central1-geocode"},"extension":{},"message":"[runtime-status] [8839] Resolved module firebase-admin {\"declared\":true,\"installed\":true,\"version\":\"10.2.0\",\"resolution\":\"/Users/pragasen/Documents/dev/meals-to-go/functions/node_modules/firebase-admin/lib/index.js\"}"}}
[debug] [2022-06-08T13:02:39.762Z] [runtime-status] [8839] Resolved module firebase-functions {"declared":true,"installed":true,"version":"3.21.2","resolution":"/Users/pragasen/Documents/dev/meals-to-go/functions/node_modules/firebase-functions/lib/index.js"} {"metadata":{"emulator":{"name":"functions"},"function":{"name":"us-central1-geocode"},"extension":{},"message":"[runtime-status] [8839] Resolved module firebase-functions {\"declared\":true,\"installed\":true,\"version\":\"3.21.2\",\"resolution\":\"/Users/pragasen/Documents/dev/meals-to-go/functions/node_modules/firebase-functions/lib/index.js\"}"}}
[debug] [2022-06-08T13:02:39.763Z] [runtime-status] [8839] firebase-admin has been stubbed. {"adminResolution":{"declared":true,"installed":true,"version":"10.2.0","resolution":"/Users/pragasen/Documents/dev/meals-to-go/functions/node_modules/firebase-admin/lib/index.js"}} {"metadata":{"emulator":{"name":"functions"},"function":{"name":"us-central1-geocode"},"extension":{},"message":"[runtime-status] [8839] firebase-admin has been stubbed. {\"adminResolution\":{\"declared\":true,\"installed\":true,\"version\":\"10.2.0\",\"resolution\":\"/Users/pragasen/Documents/dev/meals-to-go/functions/node_modules/firebase-admin/lib/index.js\"}}"}}
[debug] [2022-06-08T13:02:39.785Z] [runtime-status] [8839] Beginning invocation function geocode! {"metadata":{"emulator":{"name":"functions"},"function":{"name":"us-central1-geocode"},"extension":{},"message":"[runtime-status] [8839] Beginning invocation function geocode!"}}
[info] i  functions: Beginning execution of "geocode" {"metadata":{"emulator":{"name":"functions"},"function":{"name":"us-central1-geocode"},"extension":{},"message":"Beginning execution of \"geocode\""}}
[debug] [2022-06-08T13:02:39.787Z] [runtime-status] [8839] Running geocode in signature http {"metadata":{"emulator":{"name":"functions"},"function":{"name":"us-central1-geocode"},"extension":{},"message":"[runtime-status] [8839] Running geocode in signature http"}}
[debug] [2022-06-08T13:02:39.793Z] [runtime-status] [8839] Attempting to listen to socketPath: /var/folders/5l/ljy_fbxd2rb4lp2pqy5908640000gn/T/fire_emu_8839.sock {"metadata":{"emulator":{"name":"functions"},"function":{"name":"us-central1-geocode"},"extension":{},"message":"[runtime-status] [8839] Attempting to listen to socketPath: /var/folders/5l/ljy_fbxd2rb4lp2pqy5908640000gn/T/fire_emu_8839.sock"}}
[debug] [2022-06-08T13:02:39.797Z] [functions] Runtime ready! Sending request! {"metadata":{"emulator":{"name":"functions"},"message":"[functions] Runtime ready! Sending request!"}}
[debug] [2022-06-08T13:02:39.798Z] [functions] Got req.url=/restaurantfinder-29e99/us-central1/geocode?city=san%20francisco, mapping to path=/?city=san%20francisco {"metadata":{"emulator":{"name":"functions"},"message":"[functions] Got req.url=/restaurantfinder-29e99/us-central1/geocode?city=san%20francisco, mapping to path=/?city=san%20francisco"}}
[debug] [2022-06-08T13:02:39.806Z] [runtime-status] [8839] Ephemeral server handling GET request {"metadata":{"emulator":{"name":"functions"},"function":{"name":"us-central1-geocode"},"extension":{},"message":"[runtime-status] [8839] Ephemeral server handling GET request"}}
[debug] [2022-06-08T13:02:39.816Z] [runtime-status] [8839] Ephemeral server survived. {"metadata":{"emulator":{"name":"functions"},"function":{"name":"us-central1-geocode"},"extension":{},"message":"[runtime-status] [8839] Ephemeral server survived."}}
[info] i  functions: Finished "geocode" in ~1s {"metadata":{"emulator":{"name":"functions"},"function":{"name":"us-central1-geocode"},"extension":{},"message":"Finished \"geocode\" in ~1s"}}
[debug] [2022-06-08T13:02:39.822Z] [worker-us-central1-geocode-3385b1dc-f66a-43e3-bc55-66d73d6ff4f6]: IDLE {"metadata":{"emulator":{"name":"functions"},"message":"[worker-us-central1-geocode-3385b1dc-f66a-43e3-bc55-66d73d6ff4f6]: IDLE"}}
[debug] [2022-06-08T13:02:39.831Z] [work-queue] {"queueLength":0,"workRunningCount":0}
[debug] [2022-06-08T13:03:27.520Z] File /Users/pragasen/Documents/dev/meals-to-go/functions/places/index.js changed, reloading triggers {"metadata":{"emulator":{"name":"functions"},"message":"File /Users/pragasen/Documents/dev/meals-to-go/functions/places/index.js changed, reloading triggers"}}
[debug] [2022-06-08T13:03:28.521Z] [worker-pool] Shutting down IDLE worker (us-central1-geocode) {"metadata":{"emulator":{"name":"functions"},"message":"[worker-pool] Shutting down IDLE worker (us-central1-geocode)"}}
[debug] [2022-06-08T13:03:28.521Z] [worker-us-central1-geocode-3385b1dc-f66a-43e3-bc55-66d73d6ff4f6]: FINISHING {"metadata":{"emulator":{"name":"functions"},"message":"[worker-us-central1-geocode-3385b1dc-f66a-43e3-bc55-66d73d6ff4f6]: FINISHING"}}
[debug] [2022-06-08T13:03:28.526Z] Validating nodejs source
[debug] [2022-06-08T13:03:32.265Z] > [functions] package.json contents: {
  "name": "functions",
  "description": "Cloud Functions for Firebase",
  "scripts": {
    "serve": "firebase emulators:start --only functions",
    "shell": "firebase functions:shell",
    "start": "npm run shell",
    "deploy": "firebase deploy --only functions",
    "logs": "firebase functions:log"
  },
  "engines": {
    "node": "16"
  },
  "main": "index.js",
  "dependencies": {
    "firebase-admin": "^10.0.2",
    "firebase-functions": "^3.18.0"
  },
  "devDependencies": {
    "firebase-functions-test": "^0.2.0"
  },
  "private": true
}
[debug] [2022-06-08T13:03:32.266Z] Building nodejs source
[debug] [2022-06-08T13:03:32.267Z] Analyzing nodejs backend spec
[debug] [2022-06-08T13:03:32.268Z] Could not find functions.yaml. Must use http discovery
[debug] [2022-06-08T13:03:32.280Z] [worker-us-central1-geocode-3385b1dc-f66a-43e3-bc55-66d73d6ff4f6]: exited {"metadata":{"emulator":{"name":"functions"},"message":"[worker-us-central1-geocode-3385b1dc-f66a-43e3-bc55-66d73d6ff4f6]: exited"}}
[debug] [2022-06-08T13:03:32.281Z] [worker-us-central1-geocode-3385b1dc-f66a-43e3-bc55-66d73d6ff4f6]: FINISHED {"metadata":{"emulator":{"name":"functions"},"message":"[worker-us-central1-geocode-3385b1dc-f66a-43e3-bc55-66d73d6ff4f6]: FINISHED"}}
[debug] [2022-06-08T13:03:32.794Z] Serving at port 9005

[debug] [2022-06-08T13:03:32.961Z] Got response from /__/functions.yaml {"endpoints":{"geocode":{"platform":"gcfv1","httpsTrigger":{},"entryPoint":"geocode"},"placesNearby":{"platform":"gcfv1","httpsTrigger":{},"entryPoint":"placesNearby"}},"specVersion":"v1alpha1","requiredAPIs":[]}
[debug] [2022-06-08T13:03:32.974Z] shutdown requested via /__/quitquitquit

[debug] [2022-06-08T13:03:54.643Z] [work-queue] {"queueLength":1,"workRunningCount":0}
[debug] [2022-06-08T13:03:54.643Z] [work-queue] {"queueLength":0,"workRunningCount":1}
[debug] [2022-06-08T13:03:54.643Z] Accepted request GET /restaurantfinder-29e99/us-central1/geocode?city=san%20francisco --> us-central1-geocode
[debug] [2022-06-08T13:03:54.643Z] [worker-pool] Cleaned up workers for us-central1-geocode: 1 --> 0 {"metadata":{"emulator":{"name":"functions"},"message":"[worker-pool] Cleaned up workers for us-central1-geocode: 1 --> 0"}}
[debug] [2022-06-08T13:03:54.663Z] [worker-pool] addWorker(us-central1-geocode) {"metadata":{"emulator":{"name":"functions"},"message":"[worker-pool] addWorker(us-central1-geocode)"}}
[debug] [2022-06-08T13:03:54.665Z] [worker-pool] Adding worker with key us-central1-geocode, total=1 {"metadata":{"emulator":{"name":"functions"},"message":"[worker-pool] Adding worker with key us-central1-geocode, total=1"}}
[debug] [2022-06-08T13:03:54.665Z] [worker-pool] submitWork(triggerId=us-central1-geocode) {"metadata":{"emulator":{"name":"functions"},"message":"[worker-pool] submitWork(triggerId=us-central1-geocode)"}}
[debug] [2022-06-08T13:03:54.666Z] [worker-us-central1-geocode-8694a1cf-c66a-469f-9712-1a099afc1756]: Assigning socketPath: /var/folders/5l/ljy_fbxd2rb4lp2pqy5908640000gn/T/fire_emu_8882.sock {"metadata":{"emulator":{"name":"functions"},"message":"[worker-us-central1-geocode-8694a1cf-c66a-469f-9712-1a099afc1756]: Assigning socketPath: /var/folders/5l/ljy_fbxd2rb4lp2pqy5908640000gn/T/fire_emu_8882.sock"}}
[debug] [2022-06-08T13:03:54.666Z] [worker-us-central1-geocode-8694a1cf-c66a-469f-9712-1a099afc1756]: BUSY {"metadata":{"emulator":{"name":"functions"},"message":"[worker-us-central1-geocode-8694a1cf-c66a-469f-9712-1a099afc1756]: BUSY"}}
[debug] [2022-06-08T13:03:59.264Z] [runtime-status] [8882] Functions runtime initialized. {"cwd":"/Users/pragasen/Documents/dev/meals-to-go/functions","node_version":"16.15.0"} {"metadata":{"emulator":{"name":"functions"},"function":{"name":"us-central1-geocode"},"extension":{},"message":"[runtime-status] [8882] Functions runtime initialized. {\"cwd\":\"/Users/pragasen/Documents/dev/meals-to-go/functions\",\"node_version\":\"16.15.0\"}"}}
[debug] [2022-06-08T13:03:59.265Z] [runtime-status] [8882] Disabled runtime features: undefined {"metadata":{"emulator":{"name":"functions"},"function":{"name":"us-central1-geocode"},"extension":{},"message":"[runtime-status] [8882] Disabled runtime features: undefined"}}
[debug] [2022-06-08T13:03:59.271Z] [runtime-status] [8882] Resolved module firebase-admin {"declared":true,"installed":true,"version":"10.2.0","resolution":"/Users/pragasen/Documents/dev/meals-to-go/functions/node_modules/firebase-admin/lib/index.js"} {"metadata":{"emulator":{"name":"functions"},"function":{"name":"us-central1-geocode"},"extension":{},"message":"[runtime-status] [8882] Resolved module firebase-admin {\"declared\":true,\"installed\":true,\"version\":\"10.2.0\",\"resolution\":\"/Users/pragasen/Documents/dev/meals-to-go/functions/node_modules/firebase-admin/lib/index.js\"}"}}
[debug] [2022-06-08T13:03:59.274Z] [runtime-status] [8882] Resolved module firebase-functions {"declared":true,"installed":true,"version":"3.21.2","resolution":"/Users/pragasen/Documents/dev/meals-to-go/functions/node_modules/firebase-functions/lib/index.js"} {"metadata":{"emulator":{"name":"functions"},"function":{"name":"us-central1-geocode"},"extension":{},"message":"[runtime-status] [8882] Resolved module firebase-functions {\"declared\":true,\"installed\":true,\"version\":\"3.21.2\",\"resolution\":\"/Users/pragasen/Documents/dev/meals-to-go/functions/node_modules/firebase-functions/lib/index.js\"}"}}
[debug] [2022-06-08T13:03:59.275Z] [runtime-status] [8882] Outgoing network have been stubbed. [{"name":"http","status":"mocked"},{"name":"http","status":"mocked"},{"name":"https","status":"mocked"},{"name":"https","status":"mocked"},{"name":"net","status":"mocked"}] {"metadata":{"emulator":{"name":"functions"},"function":{"name":"us-central1-geocode"},"extension":{},"message":"[runtime-status] [8882] Outgoing network have been stubbed. [{\"name\":\"http\",\"status\":\"mocked\"},{\"name\":\"http\",\"status\":\"mocked\"},{\"name\":\"https\",\"status\":\"mocked\"},{\"name\":\"https\",\"status\":\"mocked\"},{\"name\":\"net\",\"status\":\"mocked\"}]"}}
[debug] [2022-06-08T13:03:59.276Z] [runtime-status] [8882] Resolved module firebase-functions {"declared":true,"installed":true,"version":"3.21.2","resolution":"/Users/pragasen/Documents/dev/meals-to-go/functions/node_modules/firebase-functions/lib/index.js"} {"metadata":{"emulator":{"name":"functions"},"function":{"name":"us-central1-geocode"},"extension":{},"message":"[runtime-status] [8882] Resolved module firebase-functions {\"declared\":true,\"installed\":true,\"version\":\"3.21.2\",\"resolution\":\"/Users/pragasen/Documents/dev/meals-to-go/functions/node_modules/firebase-functions/lib/index.js\"}"}}
[debug] [2022-06-08T13:03:59.390Z] [runtime-status] [8882] Checked functions.config() {"config":{}} {"metadata":{"emulator":{"name":"functions"},"function":{"name":"us-central1-geocode"},"extension":{},"message":"[runtime-status] [8882] Checked functions.config() {\"config\":{}}"}}
[debug] [2022-06-08T13:03:59.391Z] [runtime-status] [8882] firebase-functions has been stubbed. {"functionsResolution":{"declared":true,"installed":true,"version":"3.21.2","resolution":"/Users/pragasen/Documents/dev/meals-to-go/functions/node_modules/firebase-functions/lib/index.js"}} {"metadata":{"emulator":{"name":"functions"},"function":{"name":"us-central1-geocode"},"extension":{},"message":"[runtime-status] [8882] firebase-functions has been stubbed. {\"functionsResolution\":{\"declared\":true,\"installed\":true,\"version\":\"3.21.2\",\"resolution\":\"/Users/pragasen/Documents/dev/meals-to-go/functions/node_modules/firebase-functions/lib/index.js\"}}"}}
[debug] [2022-06-08T13:03:59.392Z] [runtime-status] [8882] Resolved module firebase-functions {"declared":true,"installed":true,"version":"3.21.2","resolution":"/Users/pragasen/Documents/dev/meals-to-go/functions/node_modules/firebase-functions/lib/index.js"} {"metadata":{"emulator":{"name":"functions"},"function":{"name":"us-central1-geocode"},"extension":{},"message":"[runtime-status] [8882] Resolved module firebase-functions {\"declared\":true,\"installed\":true,\"version\":\"3.21.2\",\"resolution\":\"/Users/pragasen/Documents/dev/meals-to-go/functions/node_modules/firebase-functions/lib/index.js\"}"}}
[debug] [2022-06-08T13:03:59.395Z] [runtime-status] [8882] Resolved module firebase-admin {"declared":true,"installed":true,"version":"10.2.0","resolution":"/Users/pragasen/Documents/dev/meals-to-go/functions/node_modules/firebase-admin/lib/index.js"} {"metadata":{"emulator":{"name":"functions"},"function":{"name":"us-central1-geocode"},"extension":{},"message":"[runtime-status] [8882] Resolved module firebase-admin {\"declared\":true,\"installed\":true,\"version\":\"10.2.0\",\"resolution\":\"/Users/pragasen/Documents/dev/meals-to-go/functions/node_modules/firebase-admin/lib/index.js\"}"}}
[debug] [2022-06-08T13:03:59.397Z] [runtime-status] [8882] Resolved module firebase-functions {"declared":true,"installed":true,"version":"3.21.2","resolution":"/Users/pragasen/Documents/dev/meals-to-go/functions/node_modules/firebase-functions/lib/index.js"} {"metadata":{"emulator":{"name":"functions"},"function":{"name":"us-central1-geocode"},"extension":{},"message":"[runtime-status] [8882] Resolved module firebase-functions {\"declared\":true,\"installed\":true,\"version\":\"3.21.2\",\"resolution\":\"/Users/pragasen/Documents/dev/meals-to-go/functions/node_modules/firebase-functions/lib/index.js\"}"}}
[debug] [2022-06-08T13:03:59.397Z] [runtime-status] [8882] firebase-admin has been stubbed. {"adminResolution":{"declared":true,"installed":true,"version":"10.2.0","resolution":"/Users/pragasen/Documents/dev/meals-to-go/functions/node_modules/firebase-admin/lib/index.js"}} {"metadata":{"emulator":{"name":"functions"},"function":{"name":"us-central1-geocode"},"extension":{},"message":"[runtime-status] [8882] firebase-admin has been stubbed. {\"adminResolution\":{\"declared\":true,\"installed\":true,\"version\":\"10.2.0\",\"resolution\":\"/Users/pragasen/Documents/dev/meals-to-go/functions/node_modules/firebase-admin/lib/index.js\"}}"}}
[debug] [2022-06-08T13:03:59.423Z] [runtime-status] [8882] Beginning invocation function geocode! {"metadata":{"emulator":{"name":"functions"},"function":{"name":"us-central1-geocode"},"extension":{},"message":"[runtime-status] [8882] Beginning invocation function geocode!"}}
[info] i  functions: Beginning execution of "geocode" {"metadata":{"emulator":{"name":"functions"},"function":{"name":"us-central1-geocode"},"extension":{},"message":"Beginning execution of \"geocode\""}}
[debug] [2022-06-08T13:03:59.424Z] [runtime-status] [8882] Running geocode in signature http {"metadata":{"emulator":{"name":"functions"},"function":{"name":"us-central1-geocode"},"extension":{},"message":"[runtime-status] [8882] Running geocode in signature http"}}
[debug] [2022-06-08T13:03:59.424Z] [runtime-status] [8882] Attempting to listen to socketPath: /var/folders/5l/ljy_fbxd2rb4lp2pqy5908640000gn/T/fire_emu_8882.sock {"metadata":{"emulator":{"name":"functions"},"function":{"name":"us-central1-geocode"},"extension":{},"message":"[runtime-status] [8882] Attempting to listen to socketPath: /var/folders/5l/ljy_fbxd2rb4lp2pqy5908640000gn/T/fire_emu_8882.sock"}}
[debug] [2022-06-08T13:03:59.474Z] [functions] Runtime ready! Sending request! {"metadata":{"emulator":{"name":"functions"},"message":"[functions] Runtime ready! Sending request!"}}
[debug] [2022-06-08T13:03:59.474Z] [functions] Got req.url=/restaurantfinder-29e99/us-central1/geocode?city=san%20francisco, mapping to path=/?city=san%20francisco {"metadata":{"emulator":{"name":"functions"},"message":"[functions] Got req.url=/restaurantfinder-29e99/us-central1/geocode?city=san%20francisco, mapping to path=/?city=san%20francisco"}}
[debug] [2022-06-08T13:03:59.486Z] [runtime-status] [8882] Ephemeral server handling GET request {"metadata":{"emulator":{"name":"functions"},"function":{"name":"us-central1-geocode"},"extension":{},"message":"[runtime-status] [8882] Ephemeral server handling GET request"}}
[debug] [2022-06-08T13:03:59.505Z] [runtime-status] [8882] Ephemeral server survived. {"metadata":{"emulator":{"name":"functions"},"function":{"name":"us-central1-geocode"},"extension":{},"message":"[runtime-status] [8882] Ephemeral server survived."}}
[info] i  functions: Finished "geocode" in ~1s {"metadata":{"emulator":{"name":"functions"},"function":{"name":"us-central1-geocode"},"extension":{},"message":"Finished \"geocode\" in ~1s"}}
[debug] [2022-06-08T13:03:59.593Z] [worker-us-central1-geocode-8694a1cf-c66a-469f-9712-1a099afc1756]: IDLE {"metadata":{"emulator":{"name":"functions"},"message":"[worker-us-central1-geocode-8694a1cf-c66a-469f-9712-1a099afc1756]: IDLE"}}
[debug] [2022-06-08T13:03:59.594Z] [work-queue] {"queueLength":0,"workRunningCount":0}
[debug] [2022-06-08T13:05:24.027Z] [work-queue] {"queueLength":1,"workRunningCount":0}
[debug] [2022-06-08T13:05:24.028Z] [work-queue] {"queueLength":0,"workRunningCount":1}
[debug] [2022-06-08T13:05:24.029Z] Accepted request GET /restaurantfinder-29e99/us-central1/placesNearby?location=37.7749295,-122.4194155 --> us-central1-placesNearby
[debug] [2022-06-08T13:05:24.035Z] [worker-pool] addWorker(us-central1-placesNearby) {"metadata":{"emulator":{"name":"functions"},"message":"[worker-pool] addWorker(us-central1-placesNearby)"}}
[debug] [2022-06-08T13:05:24.036Z] [worker-pool] Adding worker with key us-central1-placesNearby, total=1 {"metadata":{"emulator":{"name":"functions"},"message":"[worker-pool] Adding worker with key us-central1-placesNearby, total=1"}}
[debug] [2022-06-08T13:05:24.036Z] [worker-pool] submitWork(triggerId=us-central1-placesNearby) {"metadata":{"emulator":{"name":"functions"},"message":"[worker-pool] submitWork(triggerId=us-central1-placesNearby)"}}
[debug] [2022-06-08T13:05:24.037Z] [worker-us-central1-placesNearby-3850cd6b-c51b-4c51-8776-c891c387fca5]: Assigning socketPath: /var/folders/5l/ljy_fbxd2rb4lp2pqy5908640000gn/T/fire_emu_8928.sock {"metadata":{"emulator":{"name":"functions"},"message":"[worker-us-central1-placesNearby-3850cd6b-c51b-4c51-8776-c891c387fca5]: Assigning socketPath: /var/folders/5l/ljy_fbxd2rb4lp2pqy5908640000gn/T/fire_emu_8928.sock"}}
[debug] [2022-06-08T13:05:24.037Z] [worker-us-central1-placesNearby-3850cd6b-c51b-4c51-8776-c891c387fca5]: BUSY {"metadata":{"emulator":{"name":"functions"},"message":"[worker-us-central1-placesNearby-3850cd6b-c51b-4c51-8776-c891c387fca5]: BUSY"}}
[debug] [2022-06-08T13:05:28.606Z] [runtime-status] [8928] Functions runtime initialized. {"cwd":"/Users/pragasen/Documents/dev/meals-to-go/functions","node_version":"16.15.0"} {"metadata":{"emulator":{"name":"functions"},"function":{"name":"us-central1-placesNearby"},"extension":{},"message":"[runtime-status] [8928] Functions runtime initialized. {\"cwd\":\"/Users/pragasen/Documents/dev/meals-to-go/functions\",\"node_version\":\"16.15.0\"}"}}
[debug] [2022-06-08T13:05:28.621Z] [runtime-status] [8928] Disabled runtime features: undefined {"metadata":{"emulator":{"name":"functions"},"function":{"name":"us-central1-placesNearby"},"extension":{},"message":"[runtime-status] [8928] Disabled runtime features: undefined"}}
[debug] [2022-06-08T13:05:28.653Z] [runtime-status] [8928] Resolved module firebase-admin {"declared":true,"installed":true,"version":"10.2.0","resolution":"/Users/pragasen/Documents/dev/meals-to-go/functions/node_modules/firebase-admin/lib/index.js"} {"metadata":{"emulator":{"name":"functions"},"function":{"name":"us-central1-placesNearby"},"extension":{},"message":"[runtime-status] [8928] Resolved module firebase-admin {\"declared\":true,\"installed\":true,\"version\":\"10.2.0\",\"resolution\":\"/Users/pragasen/Documents/dev/meals-to-go/functions/node_modules/firebase-admin/lib/index.js\"}"}}
[debug] [2022-06-08T13:05:28.659Z] [runtime-status] [8928] Resolved module firebase-functions {"declared":true,"installed":true,"version":"3.21.2","resolution":"/Users/pragasen/Documents/dev/meals-to-go/functions/node_modules/firebase-functions/lib/index.js"} {"metadata":{"emulator":{"name":"functions"},"function":{"name":"us-central1-placesNearby"},"extension":{},"message":"[runtime-status] [8928] Resolved module firebase-functions {\"declared\":true,\"installed\":true,\"version\":\"3.21.2\",\"resolution\":\"/Users/pragasen/Documents/dev/meals-to-go/functions/node_modules/firebase-functions/lib/index.js\"}"}}
[debug] [2022-06-08T13:05:28.659Z] [runtime-status] [8928] Outgoing network have been stubbed. [{"name":"http","status":"mocked"},{"name":"http","status":"mocked"},{"name":"https","status":"mocked"},{"name":"https","status":"mocked"},{"name":"net","status":"mocked"}] {"metadata":{"emulator":{"name":"functions"},"function":{"name":"us-central1-placesNearby"},"extension":{},"message":"[runtime-status] [8928] Outgoing network have been stubbed. [{\"name\":\"http\",\"status\":\"mocked\"},{\"name\":\"http\",\"status\":\"mocked\"},{\"name\":\"https\",\"status\":\"mocked\"},{\"name\":\"https\",\"status\":\"mocked\"},{\"name\":\"net\",\"status\":\"mocked\"}]"}}
[debug] [2022-06-08T13:05:28.660Z] [runtime-status] [8928] Resolved module firebase-functions {"declared":true,"installed":true,"version":"3.21.2","resolution":"/Users/pragasen/Documents/dev/meals-to-go/functions/node_modules/firebase-functions/lib/index.js"} {"metadata":{"emulator":{"name":"functions"},"function":{"name":"us-central1-placesNearby"},"extension":{},"message":"[runtime-status] [8928] Resolved module firebase-functions {\"declared\":true,\"installed\":true,\"version\":\"3.21.2\",\"resolution\":\"/Users/pragasen/Documents/dev/meals-to-go/functions/node_modules/firebase-functions/lib/index.js\"}"}}
[debug] [2022-06-08T13:05:28.787Z] [runtime-status] [8928] Checked functions.config() {"config":{}} {"metadata":{"emulator":{"name":"functions"},"function":{"name":"us-central1-placesNearby"},"extension":{},"message":"[runtime-status] [8928] Checked functions.config() {\"config\":{}}"}}
[debug] [2022-06-08T13:05:28.787Z] [runtime-status] [8928] firebase-functions has been stubbed. {"functionsResolution":{"declared":true,"installed":true,"version":"3.21.2","resolution":"/Users/pragasen/Documents/dev/meals-to-go/functions/node_modules/firebase-functions/lib/index.js"}} {"metadata":{"emulator":{"name":"functions"},"function":{"name":"us-central1-placesNearby"},"extension":{},"message":"[runtime-status] [8928] firebase-functions has been stubbed. {\"functionsResolution\":{\"declared\":true,\"installed\":true,\"version\":\"3.21.2\",\"resolution\":\"/Users/pragasen/Documents/dev/meals-to-go/functions/node_modules/firebase-functions/lib/index.js\"}}"}}
[debug] [2022-06-08T13:05:28.788Z] [runtime-status] [8928] Resolved module firebase-functions {"declared":true,"installed":true,"version":"3.21.2","resolution":"/Users/pragasen/Documents/dev/meals-to-go/functions/node_modules/firebase-functions/lib/index.js"} {"metadata":{"emulator":{"name":"functions"},"function":{"name":"us-central1-placesNearby"},"extension":{},"message":"[runtime-status] [8928] Resolved module firebase-functions {\"declared\":true,\"installed\":true,\"version\":\"3.21.2\",\"resolution\":\"/Users/pragasen/Documents/dev/meals-to-go/functions/node_modules/firebase-functions/lib/index.js\"}"}}
[debug] [2022-06-08T13:05:28.792Z] [runtime-status] [8928] Resolved module firebase-admin {"declared":true,"installed":true,"version":"10.2.0","resolution":"/Users/pragasen/Documents/dev/meals-to-go/functions/node_modules/firebase-admin/lib/index.js"} {"metadata":{"emulator":{"name":"functions"},"function":{"name":"us-central1-placesNearby"},"extension":{},"message":"[runtime-status] [8928] Resolved module firebase-admin {\"declared\":true,\"installed\":true,\"version\":\"10.2.0\",\"resolution\":\"/Users/pragasen/Documents/dev/meals-to-go/functions/node_modules/firebase-admin/lib/index.js\"}"}}
[debug] [2022-06-08T13:05:28.793Z] [runtime-status] [8928] Resolved module firebase-functions {"declared":true,"installed":true,"version":"3.21.2","resolution":"/Users/pragasen/Documents/dev/meals-to-go/functions/node_modules/firebase-functions/lib/index.js"} {"metadata":{"emulator":{"name":"functions"},"function":{"name":"us-central1-placesNearby"},"extension":{},"message":"[runtime-status] [8928] Resolved module firebase-functions {\"declared\":true,\"installed\":true,\"version\":\"3.21.2\",\"resolution\":\"/Users/pragasen/Documents/dev/meals-to-go/functions/node_modules/firebase-functions/lib/index.js\"}"}}
[debug] [2022-06-08T13:05:28.793Z] [runtime-status] [8928] firebase-admin has been stubbed. {"adminResolution":{"declared":true,"installed":true,"version":"10.2.0","resolution":"/Users/pragasen/Documents/dev/meals-to-go/functions/node_modules/firebase-admin/lib/index.js"}} {"metadata":{"emulator":{"name":"functions"},"function":{"name":"us-central1-placesNearby"},"extension":{},"message":"[runtime-status] [8928] firebase-admin has been stubbed. {\"adminResolution\":{\"declared\":true,\"installed\":true,\"version\":\"10.2.0\",\"resolution\":\"/Users/pragasen/Documents/dev/meals-to-go/functions/node_modules/firebase-admin/lib/index.js\"}}"}}
[debug] [2022-06-08T13:05:28.817Z] [runtime-status] [8928] Beginning invocation function placesNearby! {"metadata":{"emulator":{"name":"functions"},"function":{"name":"us-central1-placesNearby"},"extension":{},"message":"[runtime-status] [8928] Beginning invocation function placesNearby!"}}
[info] i  functions: Beginning execution of "placesNearby" {"metadata":{"emulator":{"name":"functions"},"function":{"name":"us-central1-placesNearby"},"extension":{},"message":"Beginning execution of \"placesNearby\""}}
[debug] [2022-06-08T13:05:28.819Z] [runtime-status] [8928] Running placesNearby in signature http {"metadata":{"emulator":{"name":"functions"},"function":{"name":"us-central1-placesNearby"},"extension":{},"message":"[runtime-status] [8928] Running placesNearby in signature http"}}
[debug] [2022-06-08T13:05:28.833Z] [runtime-status] [8928] Attempting to listen to socketPath: /var/folders/5l/ljy_fbxd2rb4lp2pqy5908640000gn/T/fire_emu_8928.sock {"metadata":{"emulator":{"name":"functions"},"function":{"name":"us-central1-placesNearby"},"extension":{},"message":"[runtime-status] [8928] Attempting to listen to socketPath: /var/folders/5l/ljy_fbxd2rb4lp2pqy5908640000gn/T/fire_emu_8928.sock"}}
[debug] [2022-06-08T13:05:28.838Z] [functions] Runtime ready! Sending request! {"metadata":{"emulator":{"name":"functions"},"message":"[functions] Runtime ready! Sending request!"}}
[debug] [2022-06-08T13:05:28.839Z] [functions] Got req.url=/restaurantfinder-29e99/us-central1/placesNearby?location=37.7749295,-122.4194155, mapping to path=/?location=37.7749295,-122.4194155 {"metadata":{"emulator":{"name":"functions"},"message":"[functions] Got req.url=/restaurantfinder-29e99/us-central1/placesNearby?location=37.7749295,-122.4194155, mapping to path=/?location=37.7749295,-122.4194155"}}
[debug] [2022-06-08T13:05:28.854Z] [runtime-status] [8928] Ephemeral server handling GET request {"metadata":{"emulator":{"name":"functions"},"function":{"name":"us-central1-placesNearby"},"extension":{},"message":"[runtime-status] [8928] Ephemeral server handling GET request"}}
[debug] [2022-06-08T13:05:28.872Z] [runtime-status] [8928] Ephemeral server survived. {"metadata":{"emulator":{"name":"functions"},"function":{"name":"us-central1-placesNearby"},"extension":{},"message":"[runtime-status] [8928] Ephemeral server survived."}}
[info] i  functions: Finished "placesNearby" in ~1s {"metadata":{"emulator":{"name":"functions"},"function":{"name":"us-central1-placesNearby"},"extension":{},"message":"Finished \"placesNearby\" in ~1s"}}
[debug] [2022-06-08T13:05:28.990Z] [worker-us-central1-placesNearby-3850cd6b-c51b-4c51-8776-c891c387fca5]: IDLE {"metadata":{"emulator":{"name":"functions"},"message":"[worker-us-central1-placesNearby-3850cd6b-c51b-4c51-8776-c891c387fca5]: IDLE"}}
[debug] [2022-06-08T13:05:28.990Z] [work-queue] {"queueLength":0,"workRunningCount":0}
[debug] [2022-06-08T13:06:43.678Z] [work-queue] {"queueLength":1,"workRunningCount":0}
[debug] [2022-06-08T13:06:43.678Z] [work-queue] {"queueLength":0,"workRunningCount":1}
[debug] [2022-06-08T13:06:43.678Z] Accepted request GET /restaurantfinder-29e99/us-central1/placesNearby?location=37.7749295,-122.4194155 --> us-central1-placesNearby
[debug] [2022-06-08T13:06:43.678Z] [worker-pool] submitWork(triggerId=us-central1-placesNearby) {"metadata":{"emulator":{"name":"functions"},"message":"[worker-pool] submitWork(triggerId=us-central1-placesNearby)"}}
[debug] [2022-06-08T13:06:43.679Z] [worker-us-central1-placesNearby-3850cd6b-c51b-4c51-8776-c891c387fca5]: Assigning socketPath: /var/folders/5l/ljy_fbxd2rb4lp2pqy5908640000gn/T/fire_emu_8928.sock {"metadata":{"emulator":{"name":"functions"},"message":"[worker-us-central1-placesNearby-3850cd6b-c51b-4c51-8776-c891c387fca5]: Assigning socketPath: /var/folders/5l/ljy_fbxd2rb4lp2pqy5908640000gn/T/fire_emu_8928.sock"}}
[debug] [2022-06-08T13:06:43.679Z] [worker-us-central1-placesNearby-3850cd6b-c51b-4c51-8776-c891c387fca5]: BUSY {"metadata":{"emulator":{"name":"functions"},"message":"[worker-us-central1-placesNearby-3850cd6b-c51b-4c51-8776-c891c387fca5]: BUSY"}}
[debug] [2022-06-08T13:06:43.679Z] [runtime-status] [8928] Beginning invocation function placesNearby! {"metadata":{"emulator":{"name":"functions"},"function":{"name":"us-central1-placesNearby"},"extension":{},"message":"[runtime-status] [8928] Beginning invocation function placesNearby!"}}
[info] i  functions: Beginning execution of "placesNearby" {"metadata":{"emulator":{"name":"functions"},"function":{"name":"us-central1-placesNearby"},"extension":{},"message":"Beginning execution of \"placesNearby\""}}
[debug] [2022-06-08T13:06:43.681Z] [runtime-status] [8928] Running placesNearby in signature http {"metadata":{"emulator":{"name":"functions"},"function":{"name":"us-central1-placesNearby"},"extension":{},"message":"[runtime-status] [8928] Running placesNearby in signature http"}}
[debug] [2022-06-08T13:06:43.681Z] [runtime-status] [8928] Attempting to listen to socketPath: /var/folders/5l/ljy_fbxd2rb4lp2pqy5908640000gn/T/fire_emu_8928.sock {"metadata":{"emulator":{"name":"functions"},"function":{"name":"us-central1-placesNearby"},"extension":{},"message":"[runtime-status] [8928] Attempting to listen to socketPath: /var/folders/5l/ljy_fbxd2rb4lp2pqy5908640000gn/T/fire_emu_8928.sock"}}
[debug] [2022-06-08T13:06:43.707Z] [functions] Runtime ready! Sending request! {"metadata":{"emulator":{"name":"functions"},"message":"[functions] Runtime ready! Sending request!"}}
[debug] [2022-06-08T13:06:43.707Z] [functions] Got req.url=/restaurantfinder-29e99/us-central1/placesNearby?location=37.7749295,-122.4194155, mapping to path=/?location=37.7749295,-122.4194155 {"metadata":{"emulator":{"name":"functions"},"message":"[functions] Got req.url=/restaurantfinder-29e99/us-central1/placesNearby?location=37.7749295,-122.4194155, mapping to path=/?location=37.7749295,-122.4194155"}}
[debug] [2022-06-08T13:06:43.709Z] [runtime-status] [8928] Ephemeral server handling GET request {"metadata":{"emulator":{"name":"functions"},"function":{"name":"us-central1-placesNearby"},"extension":{},"message":"[runtime-status] [8928] Ephemeral server handling GET request"}}
[debug] [2022-06-08T13:06:43.711Z] [runtime-status] [8928] Ephemeral server survived. {"metadata":{"emulator":{"name":"functions"},"function":{"name":"us-central1-placesNearby"},"extension":{},"message":"[runtime-status] [8928] Ephemeral server survived."}}
[info] i  functions: Finished "placesNearby" in ~1s {"metadata":{"emulator":{"name":"functions"},"function":{"name":"us-central1-placesNearby"},"extension":{},"message":"Finished \"placesNearby\" in ~1s"}}
[debug] [2022-06-08T13:06:43.716Z] [worker-us-central1-placesNearby-3850cd6b-c51b-4c51-8776-c891c387fca5]: IDLE {"metadata":{"emulator":{"name":"functions"},"message":"[worker-us-central1-placesNearby-3850cd6b-c51b-4c51-8776-c891c387fca5]: IDLE"}}
[debug] [2022-06-08T13:06:43.716Z] [work-queue] {"queueLength":0,"workRunningCount":0}
[debug] [2022-06-08T13:06:55.747Z] [work-queue] {"queueLength":1,"workRunningCount":0}
[debug] [2022-06-08T13:06:55.747Z] [work-queue] {"queueLength":0,"workRunningCount":1}
[debug] [2022-06-08T13:06:55.747Z] Accepted request GET /restaurantfinder-29e99/us-central1/placesNearby?location=37.7749295,-122.4194155 --> us-central1-placesNearby
[debug] [2022-06-08T13:06:55.747Z] [worker-pool] submitWork(triggerId=us-central1-placesNearby) {"metadata":{"emulator":{"name":"functions"},"message":"[worker-pool] submitWork(triggerId=us-central1-placesNearby)"}}
[debug] [2022-06-08T13:06:55.747Z] [worker-us-central1-placesNearby-3850cd6b-c51b-4c51-8776-c891c387fca5]: Assigning socketPath: /var/folders/5l/ljy_fbxd2rb4lp2pqy5908640000gn/T/fire_emu_8928.sock {"metadata":{"emulator":{"name":"functions"},"message":"[worker-us-central1-placesNearby-3850cd6b-c51b-4c51-8776-c891c387fca5]: Assigning socketPath: /var/folders/5l/ljy_fbxd2rb4lp2pqy5908640000gn/T/fire_emu_8928.sock"}}
[debug] [2022-06-08T13:06:55.748Z] [worker-us-central1-placesNearby-3850cd6b-c51b-4c51-8776-c891c387fca5]: BUSY {"metadata":{"emulator":{"name":"functions"},"message":"[worker-us-central1-placesNearby-3850cd6b-c51b-4c51-8776-c891c387fca5]: BUSY"}}
[debug] [2022-06-08T13:06:55.752Z] [runtime-status] [8928] Beginning invocation function placesNearby! {"metadata":{"emulator":{"name":"functions"},"function":{"name":"us-central1-placesNearby"},"extension":{},"message":"[runtime-status] [8928] Beginning invocation function placesNearby!"}}
[info] i  functions: Beginning execution of "placesNearby" {"metadata":{"emulator":{"name":"functions"},"function":{"name":"us-central1-placesNearby"},"extension":{},"message":"Beginning execution of \"placesNearby\""}}
[debug] [2022-06-08T13:06:55.754Z] [runtime-status] [8928] Running placesNearby in signature http {"metadata":{"emulator":{"name":"functions"},"function":{"name":"us-central1-placesNearby"},"extension":{},"message":"[runtime-status] [8928] Running placesNearby in signature http"}}
[debug] [2022-06-08T13:06:55.754Z] [runtime-status] [8928] Attempting to listen to socketPath: /var/folders/5l/ljy_fbxd2rb4lp2pqy5908640000gn/T/fire_emu_8928.sock {"metadata":{"emulator":{"name":"functions"},"function":{"name":"us-central1-placesNearby"},"extension":{},"message":"[runtime-status] [8928] Attempting to listen to socketPath: /var/folders/5l/ljy_fbxd2rb4lp2pqy5908640000gn/T/fire_emu_8928.sock"}}
[debug] [2022-06-08T13:06:55.774Z] [functions] Runtime ready! Sending request! {"metadata":{"emulator":{"name":"functions"},"message":"[functions] Runtime ready! Sending request!"}}
[debug] [2022-06-08T13:06:55.775Z] [functions] Got req.url=/restaurantfinder-29e99/us-central1/placesNearby?location=37.7749295,-122.4194155, mapping to path=/?location=37.7749295,-122.4194155 {"metadata":{"emulator":{"name":"functions"},"message":"[functions] Got req.url=/restaurantfinder-29e99/us-central1/placesNearby?location=37.7749295,-122.4194155, mapping to path=/?location=37.7749295,-122.4194155"}}
[debug] [2022-06-08T13:06:55.777Z] [runtime-status] [8928] Ephemeral server handling GET request {"metadata":{"emulator":{"name":"functions"},"function":{"name":"us-central1-placesNearby"},"extension":{},"message":"[runtime-status] [8928] Ephemeral server handling GET request"}}
[debug] [2022-06-08T13:06:55.779Z] [runtime-status] [8928] Ephemeral server survived. {"metadata":{"emulator":{"name":"functions"},"function":{"name":"us-central1-placesNearby"},"extension":{},"message":"[runtime-status] [8928] Ephemeral server survived."}}
[info] i  functions: Finished "placesNearby" in ~1s {"metadata":{"emulator":{"name":"functions"},"function":{"name":"us-central1-placesNearby"},"extension":{},"message":"Finished \"placesNearby\" in ~1s"}}
[debug] [2022-06-08T13:06:55.783Z] [worker-us-central1-placesNearby-3850cd6b-c51b-4c51-8776-c891c387fca5]: IDLE {"metadata":{"emulator":{"name":"functions"},"message":"[worker-us-central1-placesNearby-3850cd6b-c51b-4c51-8776-c891c387fca5]: IDLE"}}
[debug] [2022-06-08T13:06:55.784Z] [work-queue] {"queueLength":0,"workRunningCount":0}
[debug] [2022-06-08T13:07:23.420Z] [work-queue] {"queueLength":1,"workRunningCount":0}
[debug] [2022-06-08T13:07:23.420Z] [work-queue] {"queueLength":0,"workRunningCount":1}
[debug] [2022-06-08T13:07:23.420Z] Accepted request GET /restaurantfinder-29e99/us-central1/geocode?city=san%20francisco --> us-central1-geocode
[debug] [2022-06-08T13:07:23.420Z] [worker-pool] submitWork(triggerId=us-central1-geocode) {"metadata":{"emulator":{"name":"functions"},"message":"[worker-pool] submitWork(triggerId=us-central1-geocode)"}}
[debug] [2022-06-08T13:07:23.421Z] [worker-us-central1-geocode-8694a1cf-c66a-469f-9712-1a099afc1756]: Assigning socketPath: /var/folders/5l/ljy_fbxd2rb4lp2pqy5908640000gn/T/fire_emu_8882.sock {"metadata":{"emulator":{"name":"functions"},"message":"[worker-us-central1-geocode-8694a1cf-c66a-469f-9712-1a099afc1756]: Assigning socketPath: /var/folders/5l/ljy_fbxd2rb4lp2pqy5908640000gn/T/fire_emu_8882.sock"}}
[debug] [2022-06-08T13:07:23.421Z] [worker-us-central1-geocode-8694a1cf-c66a-469f-9712-1a099afc1756]: BUSY {"metadata":{"emulator":{"name":"functions"},"message":"[worker-us-central1-geocode-8694a1cf-c66a-469f-9712-1a099afc1756]: BUSY"}}
[debug] [2022-06-08T13:07:23.423Z] [runtime-status] [8882] Beginning invocation function geocode! {"metadata":{"emulator":{"name":"functions"},"function":{"name":"us-central1-geocode"},"extension":{},"message":"[runtime-status] [8882] Beginning invocation function geocode!"}}
[info] i  functions: Beginning execution of "geocode" {"metadata":{"emulator":{"name":"functions"},"function":{"name":"us-central1-geocode"},"extension":{},"message":"Beginning execution of \"geocode\""}}
[debug] [2022-06-08T13:07:23.424Z] [runtime-status] [8882] Running geocode in signature http {"metadata":{"emulator":{"name":"functions"},"function":{"name":"us-central1-geocode"},"extension":{},"message":"[runtime-status] [8882] Running geocode in signature http"}}
[debug] [2022-06-08T13:07:23.425Z] [runtime-status] [8882] Attempting to listen to socketPath: /var/folders/5l/ljy_fbxd2rb4lp2pqy5908640000gn/T/fire_emu_8882.sock {"metadata":{"emulator":{"name":"functions"},"function":{"name":"us-central1-geocode"},"extension":{},"message":"[runtime-status] [8882] Attempting to listen to socketPath: /var/folders/5l/ljy_fbxd2rb4lp2pqy5908640000gn/T/fire_emu_8882.sock"}}
[debug] [2022-06-08T13:07:23.498Z] [functions] Runtime ready! Sending request! {"metadata":{"emulator":{"name":"functions"},"message":"[functions] Runtime ready! Sending request!"}}
[debug] [2022-06-08T13:07:23.499Z] [functions] Got req.url=/restaurantfinder-29e99/us-central1/geocode?city=san%20francisco, mapping to path=/?city=san%20francisco {"metadata":{"emulator":{"name":"functions"},"message":"[functions] Got req.url=/restaurantfinder-29e99/us-central1/geocode?city=san%20francisco, mapping to path=/?city=san%20francisco"}}
[debug] [2022-06-08T13:07:23.506Z] [runtime-status] [8882] Ephemeral server handling GET request {"metadata":{"emulator":{"name":"functions"},"function":{"name":"us-central1-geocode"},"extension":{},"message":"[runtime-status] [8882] Ephemeral server handling GET request"}}
[debug] [2022-06-08T13:07:23.512Z] [runtime-status] [8882] Ephemeral server survived. {"metadata":{"emulator":{"name":"functions"},"function":{"name":"us-central1-geocode"},"extension":{},"message":"[runtime-status] [8882] Ephemeral server survived."}}
[info] i  functions: Finished "geocode" in ~1s {"metadata":{"emulator":{"name":"functions"},"function":{"name":"us-central1-geocode"},"extension":{},"message":"Finished \"geocode\" in ~1s"}}
[debug] [2022-06-08T13:07:23.516Z] [worker-us-central1-geocode-8694a1cf-c66a-469f-9712-1a099afc1756]: IDLE {"metadata":{"emulator":{"name":"functions"},"message":"[worker-us-central1-geocode-8694a1cf-c66a-469f-9712-1a099afc1756]: IDLE"}}
[debug] [2022-06-08T13:07:23.517Z] [work-queue] {"queueLength":0,"workRunningCount":0}
[debug] [2022-06-08T13:07:23.662Z] [work-queue] {"queueLength":1,"workRunningCount":0}
[debug] [2022-06-08T13:07:23.663Z] [work-queue] {"queueLength":0,"workRunningCount":1}
[debug] [2022-06-08T13:07:23.663Z] Accepted request GET /restaurantfinder-29e99/us-central1/placesNearby?location=37.7749295,-122.4194155 --> us-central1-placesNearby
[debug] [2022-06-08T13:07:23.663Z] [worker-pool] submitWork(triggerId=us-central1-placesNearby) {"metadata":{"emulator":{"name":"functions"},"message":"[worker-pool] submitWork(triggerId=us-central1-placesNearby)"}}
[debug] [2022-06-08T13:07:23.664Z] [worker-us-central1-placesNearby-3850cd6b-c51b-4c51-8776-c891c387fca5]: Assigning socketPath: /var/folders/5l/ljy_fbxd2rb4lp2pqy5908640000gn/T/fire_emu_8928.sock {"metadata":{"emulator":{"name":"functions"},"message":"[worker-us-central1-placesNearby-3850cd6b-c51b-4c51-8776-c891c387fca5]: Assigning socketPath: /var/folders/5l/ljy_fbxd2rb4lp2pqy5908640000gn/T/fire_emu_8928.sock"}}
[debug] [2022-06-08T13:07:23.664Z] [worker-us-central1-placesNearby-3850cd6b-c51b-4c51-8776-c891c387fca5]: BUSY {"metadata":{"emulator":{"name":"functions"},"message":"[worker-us-central1-placesNearby-3850cd6b-c51b-4c51-8776-c891c387fca5]: BUSY"}}
[debug] [2022-06-08T13:07:23.664Z] [runtime-status] [8928] Beginning invocation function placesNearby! {"metadata":{"emulator":{"name":"functions"},"function":{"name":"us-central1-placesNearby"},"extension":{},"message":"[runtime-status] [8928] Beginning invocation function placesNearby!"}}
[info] i  functions: Beginning execution of "placesNearby" {"metadata":{"emulator":{"name":"functions"},"function":{"name":"us-central1-placesNearby"},"extension":{},"message":"Beginning execution of \"placesNearby\""}}
[debug] [2022-06-08T13:07:23.665Z] [runtime-status] [8928] Running placesNearby in signature http {"metadata":{"emulator":{"name":"functions"},"function":{"name":"us-central1-placesNearby"},"extension":{},"message":"[runtime-status] [8928] Running placesNearby in signature http"}}
[debug] [2022-06-08T13:07:23.666Z] [runtime-status] [8928] Attempting to listen to socketPath: /var/folders/5l/ljy_fbxd2rb4lp2pqy5908640000gn/T/fire_emu_8928.sock {"metadata":{"emulator":{"name":"functions"},"function":{"name":"us-central1-placesNearby"},"extension":{},"message":"[runtime-status] [8928] Attempting to listen to socketPath: /var/folders/5l/ljy_fbxd2rb4lp2pqy5908640000gn/T/fire_emu_8928.sock"}}
[debug] [2022-06-08T13:07:23.668Z] [functions] Runtime ready! Sending request! {"metadata":{"emulator":{"name":"functions"},"message":"[functions] Runtime ready! Sending request!"}}
[debug] [2022-06-08T13:07:23.668Z] [functions] Got req.url=/restaurantfinder-29e99/us-central1/placesNearby?location=37.7749295,-122.4194155, mapping to path=/?location=37.7749295,-122.4194155 {"metadata":{"emulator":{"name":"functions"},"message":"[functions] Got req.url=/restaurantfinder-29e99/us-central1/placesNearby?location=37.7749295,-122.4194155, mapping to path=/?location=37.7749295,-122.4194155"}}
[debug] [2022-06-08T13:07:23.670Z] [runtime-status] [8928] Ephemeral server handling GET request {"metadata":{"emulator":{"name":"functions"},"function":{"name":"us-central1-placesNearby"},"extension":{},"message":"[runtime-status] [8928] Ephemeral server handling GET request"}}
[debug] [2022-06-08T13:07:23.671Z] [runtime-status] [8928] Ephemeral server survived. {"metadata":{"emulator":{"name":"functions"},"function":{"name":"us-central1-placesNearby"},"extension":{},"message":"[runtime-status] [8928] Ephemeral server survived."}}
[info] i  functions: Finished "placesNearby" in ~1s {"metadata":{"emulator":{"name":"functions"},"function":{"name":"us-central1-placesNearby"},"extension":{},"message":"Finished \"placesNearby\" in ~1s"}}
[debug] [2022-06-08T13:07:23.676Z] [worker-us-central1-placesNearby-3850cd6b-c51b-4c51-8776-c891c387fca5]: IDLE {"metadata":{"emulator":{"name":"functions"},"message":"[worker-us-central1-placesNearby-3850cd6b-c51b-4c51-8776-c891c387fca5]: IDLE"}}
[debug] [2022-06-08T13:07:23.676Z] [work-queue] {"queueLength":0,"workRunningCount":0}
[debug] [2022-06-08T13:07:32.414Z] [work-queue] {"queueLength":1,"workRunningCount":0}
[debug] [2022-06-08T13:07:32.414Z] [work-queue] {"queueLength":0,"workRunningCount":1}
[debug] [2022-06-08T13:07:32.414Z] Accepted request GET /restaurantfinder-29e99/us-central1/geocode?city=antwerp --> us-central1-geocode
[debug] [2022-06-08T13:07:32.414Z] [worker-pool] submitWork(triggerId=us-central1-geocode) {"metadata":{"emulator":{"name":"functions"},"message":"[worker-pool] submitWork(triggerId=us-central1-geocode)"}}
[debug] [2022-06-08T13:07:32.415Z] [worker-us-central1-geocode-8694a1cf-c66a-469f-9712-1a099afc1756]: Assigning socketPath: /var/folders/5l/ljy_fbxd2rb4lp2pqy5908640000gn/T/fire_emu_8882.sock {"metadata":{"emulator":{"name":"functions"},"message":"[worker-us-central1-geocode-8694a1cf-c66a-469f-9712-1a099afc1756]: Assigning socketPath: /var/folders/5l/ljy_fbxd2rb4lp2pqy5908640000gn/T/fire_emu_8882.sock"}}
[debug] [2022-06-08T13:07:32.415Z] [worker-us-central1-geocode-8694a1cf-c66a-469f-9712-1a099afc1756]: BUSY {"metadata":{"emulator":{"name":"functions"},"message":"[worker-us-central1-geocode-8694a1cf-c66a-469f-9712-1a099afc1756]: BUSY"}}
[debug] [2022-06-08T13:07:32.417Z] [runtime-status] [8882] Beginning invocation function geocode! {"metadata":{"emulator":{"name":"functions"},"function":{"name":"us-central1-geocode"},"extension":{},"message":"[runtime-status] [8882] Beginning invocation function geocode!"}}
[info] i  functions: Beginning execution of "geocode" {"metadata":{"emulator":{"name":"functions"},"function":{"name":"us-central1-geocode"},"extension":{},"message":"Beginning execution of \"geocode\""}}
[debug] [2022-06-08T13:07:32.418Z] [runtime-status] [8882] Running geocode in signature http {"metadata":{"emulator":{"name":"functions"},"function":{"name":"us-central1-geocode"},"extension":{},"message":"[runtime-status] [8882] Running geocode in signature http"}}
[debug] [2022-06-08T13:07:32.418Z] [runtime-status] [8882] Attempting to listen to socketPath: /var/folders/5l/ljy_fbxd2rb4lp2pqy5908640000gn/T/fire_emu_8882.sock {"metadata":{"emulator":{"name":"functions"},"function":{"name":"us-central1-geocode"},"extension":{},"message":"[runtime-status] [8882] Attempting to listen to socketPath: /var/folders/5l/ljy_fbxd2rb4lp2pqy5908640000gn/T/fire_emu_8882.sock"}}
[debug] [2022-06-08T13:07:32.424Z] [functions] Runtime ready! Sending request! {"metadata":{"emulator":{"name":"functions"},"message":"[functions] Runtime ready! Sending request!"}}
[debug] [2022-06-08T13:07:32.425Z] [functions] Got req.url=/restaurantfinder-29e99/us-central1/geocode?city=antwerp, mapping to path=/?city=antwerp {"metadata":{"emulator":{"name":"functions"},"message":"[functions] Got req.url=/restaurantfinder-29e99/us-central1/geocode?city=antwerp, mapping to path=/?city=antwerp"}}
[debug] [2022-06-08T13:07:32.429Z] [runtime-status] [8882] Ephemeral server handling GET request {"metadata":{"emulator":{"name":"functions"},"function":{"name":"us-central1-geocode"},"extension":{},"message":"[runtime-status] [8882] Ephemeral server handling GET request"}}
[debug] [2022-06-08T13:07:32.441Z] [runtime-status] [8882] Ephemeral server survived. {"metadata":{"emulator":{"name":"functions"},"function":{"name":"us-central1-geocode"},"extension":{},"message":"[runtime-status] [8882] Ephemeral server survived."}}
[info] i  functions: Finished "geocode" in ~1s {"metadata":{"emulator":{"name":"functions"},"function":{"name":"us-central1-geocode"},"extension":{},"message":"Finished \"geocode\" in ~1s"}}
[debug] [2022-06-08T13:07:32.443Z] [worker-us-central1-geocode-8694a1cf-c66a-469f-9712-1a099afc1756]: IDLE {"metadata":{"emulator":{"name":"functions"},"message":"[worker-us-central1-geocode-8694a1cf-c66a-469f-9712-1a099afc1756]: IDLE"}}
[debug] [2022-06-08T13:07:32.443Z] [work-queue] {"queueLength":0,"workRunningCount":0}
[debug] [2022-06-08T13:07:32.740Z] [work-queue] {"queueLength":1,"workRunningCount":0}
[debug] [2022-06-08T13:07:32.741Z] [work-queue] {"queueLength":0,"workRunningCount":1}
[debug] [2022-06-08T13:07:32.742Z] Accepted request GET /restaurantfinder-29e99/us-central1/placesNearby?location=51.219448,4.402464 --> us-central1-placesNearby
[debug] [2022-06-08T13:07:32.742Z] [worker-pool] submitWork(triggerId=us-central1-placesNearby) {"metadata":{"emulator":{"name":"functions"},"message":"[worker-pool] submitWork(triggerId=us-central1-placesNearby)"}}
[debug] [2022-06-08T13:07:32.742Z] [worker-us-central1-placesNearby-3850cd6b-c51b-4c51-8776-c891c387fca5]: Assigning socketPath: /var/folders/5l/ljy_fbxd2rb4lp2pqy5908640000gn/T/fire_emu_8928.sock {"metadata":{"emulator":{"name":"functions"},"message":"[worker-us-central1-placesNearby-3850cd6b-c51b-4c51-8776-c891c387fca5]: Assigning socketPath: /var/folders/5l/ljy_fbxd2rb4lp2pqy5908640000gn/T/fire_emu_8928.sock"}}
[debug] [2022-06-08T13:07:32.742Z] [worker-us-central1-placesNearby-3850cd6b-c51b-4c51-8776-c891c387fca5]: BUSY {"metadata":{"emulator":{"name":"functions"},"message":"[worker-us-central1-placesNearby-3850cd6b-c51b-4c51-8776-c891c387fca5]: BUSY"}}
[debug] [2022-06-08T13:07:32.746Z] [runtime-status] [8928] Beginning invocation function placesNearby! {"metadata":{"emulator":{"name":"functions"},"function":{"name":"us-central1-placesNearby"},"extension":{},"message":"[runtime-status] [8928] Beginning invocation function placesNearby!"}}
[info] i  functions: Beginning execution of "placesNearby" {"metadata":{"emulator":{"name":"functions"},"function":{"name":"us-central1-placesNearby"},"extension":{},"message":"Beginning execution of \"placesNearby\""}}
[debug] [2022-06-08T13:07:32.746Z] [runtime-status] [8928] Running placesNearby in signature http {"metadata":{"emulator":{"name":"functions"},"function":{"name":"us-central1-placesNearby"},"extension":{},"message":"[runtime-status] [8928] Running placesNearby in signature http"}}
[debug] [2022-06-08T13:07:32.747Z] [runtime-status] [8928] Attempting to listen to socketPath: /var/folders/5l/ljy_fbxd2rb4lp2pqy5908640000gn/T/fire_emu_8928.sock {"metadata":{"emulator":{"name":"functions"},"function":{"name":"us-central1-placesNearby"},"extension":{},"message":"[runtime-status] [8928] Attempting to listen to socketPath: /var/folders/5l/ljy_fbxd2rb4lp2pqy5908640000gn/T/fire_emu_8928.sock"}}
[debug] [2022-06-08T13:07:32.762Z] [functions] Runtime ready! Sending request! {"metadata":{"emulator":{"name":"functions"},"message":"[functions] Runtime ready! Sending request!"}}
[debug] [2022-06-08T13:07:32.762Z] [functions] Got req.url=/restaurantfinder-29e99/us-central1/placesNearby?location=51.219448,4.402464, mapping to path=/?location=51.219448,4.402464 {"metadata":{"emulator":{"name":"functions"},"message":"[functions] Got req.url=/restaurantfinder-29e99/us-central1/placesNearby?location=51.219448,4.402464, mapping to path=/?location=51.219448,4.402464"}}
[debug] [2022-06-08T13:07:32.764Z] [runtime-status] [8928] Ephemeral server handling GET request {"metadata":{"emulator":{"name":"functions"},"function":{"name":"us-central1-placesNearby"},"extension":{},"message":"[runtime-status] [8928] Ephemeral server handling GET request"}}
[debug] [2022-06-08T13:07:32.767Z] [runtime-status] [8928] Ephemeral server survived. {"metadata":{"emulator":{"name":"functions"},"function":{"name":"us-central1-placesNearby"},"extension":{},"message":"[runtime-status] [8928] Ephemeral server survived."}}
[info] i  functions: Finished "placesNearby" in ~1s {"metadata":{"emulator":{"name":"functions"},"function":{"name":"us-central1-placesNearby"},"extension":{},"message":"Finished \"placesNearby\" in ~1s"}}
[debug] [2022-06-08T13:07:32.772Z] [worker-us-central1-placesNearby-3850cd6b-c51b-4c51-8776-c891c387fca5]: IDLE {"metadata":{"emulator":{"name":"functions"},"message":"[worker-us-central1-placesNearby-3850cd6b-c51b-4c51-8776-c891c387fca5]: IDLE"}}
[debug] [2022-06-08T13:07:32.773Z] [work-queue] {"queueLength":0,"workRunningCount":0}
